[2026-07-08 11:36:27] -> [SUKSES] Zeos Database Connection Pool Aktif.
[2026-07-08 11:36:47] -> [REQUEST] GET /api/v1/publik/obat dari IP: ::1
[2026-07-08 11:37:33] -> [REQUEST] POST /api/v1/login dari IP: ::1
[2026-07-08 11:37:44] -> [REQUEST] GET /api/v1/inacbg/pasien dari IP: ::1
[2026-07-08 11:38:22] -> [REQUEST] GET /api/v1/inacbg/detail dari IP: ::1
[2026-07-08 11:38:26] -> [REQUEST] GET /api/v1/inacbg/detail dari IP: ::1
[2026-07-08 11:38:34] -> [REQUEST] GET /api/v1/riwayat dari IP: ::1
[2026-07-08 14:36:13] -> [SUKSES] Zeos Database Connection Pool Aktif.
[2026-07-08 14:36:21] -> [REQUEST] GET /api/v1/riwayat dari IP: ::1
[2026-07-08 14:36:24] -> [REQUEST] GET /api/v1/penyakit dari IP: ::1
[2026-07-08 14:36:28] -> [REQUEST] GET /api/v1/penyakit dari IP: ::1
[2026-07-08 14:36:39] -> [REQUEST] GET /api/v1/penyakit dari IP: ::1
[2026-07-08 14:37:18] -> [REQUEST] POST /api/v1/penyakit dari IP: ::1
[2026-07-08 14:44:55] -> [REQUEST] POST /api/v1/penyakit dari IP: ::1
[2026-07-08 14:44:56] -> [REQUEST] POST /api/v1/penyakit dari IP: ::1
[2026-07-08 14:44:57] -> [REQUEST] POST /api/v1/penyakit dari IP: ::1
[2026-07-08 14:44:58] -> [REQUEST] POST /api/v1/penyakit dari IP: ::1
[2026-07-08 14:44:58] -> [REQUEST] POST /api/v1/penyakit dari IP: ::1
[2026-07-08 14:45:43] -> [SUKSES] Zeos Database Connection Pool Aktif.
[2026-07-08 14:46:59] -> [SUKSES] Zeos Database Connection Pool Aktif.
[2026-07-08 14:47:01] -> [REQUEST] PUT /api/v1/penyakit dari IP: ::1
[2026-07-08 14:53:50] -> [SUKSES] Zeos Database Connection Pool Aktif.
[2026-07-08 14:53:53] -> [REQUEST] PUT /api/v1/penyakit dari IP: ::1
[2026-07-08 14:55:18] -> [SUKSES] Zeos Database Connection Pool Aktif.
[2026-07-08 14:55:21] -> [REQUEST] PUT /api/v1/penyakit dari IP: ::1
[2026-07-08 15:01:11] -> [SUKSES] Zeos Database Connection Pool Aktif.
[2026-07-08 15:01:15] -> [REQUEST] PUT /api/v1/penyakit dari IP: ::1
[2026-07-08 15:04:13] -> [REQUEST] POST /api/v1/penyakit dari IP: ::1
[2026-07-09 13:25:31] -> [SUKSES] Zeos Database Connection Pool Aktif.
[2026-07-09 13:25:40] -> [REQUEST] GET /api/v1/inacbg/pasien dari IP: ::1
[2026-07-10 13:59:57] -> [SUKSES] Zeos Database Connection Pool Aktif.
[2026-07-13 13:54:14] -> [SUKSES] Zeos Database Connection Pool Aktif.
[2026-07-13 13:54:26] -> [SUKSES] Zeos Database Connection Pool Aktif.
[2026-07-13 13:54:38] -> [REQUEST] GET /api/v1/riwayat dari IP: ::1
[2026-07-13 13:54:58] -> [SUKSES] Zeos Database Connection Pool Aktif.
[2026-07-16 09:47:22] -> [SUKSES] Zeos Database Connection Pool Aktif.
[2026-07-16 09:49:00] -> [SUKSES] Zeos Database Connection Pool Aktif.
[2026-07-16 09:49:03] -> [REQUEST] POST /api/v1/login dari IP: ::1
[2026-07-16 09:49:27] -> [REQUEST] GET /api/v1/inacbg/pasien dari IP: ::1
[2026-07-16 09:50:17] -> [REQUEST] GET /api/v1/inacbg/detail dari IP: ::1
[2026-07-16 10:00:34] -> [SUKSES] Zeos Database Connection Pool Aktif.
[2026-07-16 10:01:06] -> [REQUEST] GET /api/v1/inacbg/pasien dari IP: ::1
[2026-07-16 10:01:20] -> [REQUEST] GET /api/v1/inacbg/detail dari IP: ::1
[2026-07-16 10:02:13] -> [SUKSES] Zeos Database Connection Pool Aktif.
[2026-07-16 10:02:18] -> [REQUEST] GET /api/v1/inacbg/detail dari IP: ::1
[2026-07-16 10:02:30] -> [REQUEST] GET /api/v1/inacbg/pasien dari IP: ::1
[2026-07-16 10:03:01] -> [REQUEST] GET /api/v1/inacbg/detail dari IP: ::1
[2026-07-16 10:06:04] -> [SUKSES] Zeos Database Connection Pool Aktif.
[2026-07-16 10:15:53] -> [SUKSES] Zeos Database Connection Pool Aktif.
[2026-07-16 10:16:50] -> [SUKSES] Zeos Database Connection Pool Aktif.
[2026-07-16 10:16:59] -> [REQUEST] GET /api/v1/inacbg/detail dari IP: ::1
[2026-07-16 10:23:37] -> [SUKSES] Zeos Database Connection Pool Aktif.
[2026-07-16 10:23:41] -> [REQUEST] GET /api/v1/inacbg/detail dari IP: ::1
[2026-07-16 10:33:41] -> [SUKSES] Zeos Database Connection Pool Aktif.
[2026-07-16 10:33:45] -> [REQUEST] GET /api/v1/inacbg/detail dari IP: ::1
[2026-07-16 10:34:09] -> [SUKSES] Zeos Database Connection Pool Aktif.
[2026-07-16 10:34:13] -> [REQUEST] GET /api/v1/inacbg/detail dari IP: ::1
[2026-07-16 10:42:47] -> [SUKSES] Zeos Database Connection Pool Aktif.
[2026-07-16 10:42:51] -> [REQUEST] GET /api/v1/inacbg/detail dari IP: ::1
[2026-07-16 10:44:13] -> [REQUEST] GET /api/v1/inacbg/pasien dari IP: ::1
[2026-07-16 10:44:19] -> [REQUEST] GET /api/v1/inacbg/detail dari IP: ::1
[2026-07-16 10:45:06] -> [SUKSES] Zeos Database Connection Pool Aktif.
[2026-07-16 10:45:09] -> [REQUEST] GET /api/v1/inacbg/detail dari IP: ::1
